{"level":"info","message":"Parameters 10 and 10 received for addition","service":"calculate-service"}
{"level":"info","message":"Parameters 10 and 10 received for subtraction","service":"calculate-service"}
{"level":"info","message":"Parameters 10 and 10 received for multiplication","service":"calculate-service"}
{"level":"info","message":"Parameters NaN10 received for division","service":"calculate-service"}
{"level":"info","message":"Parameters NaN10.8 received for division","service":"calculate-service"}
{"level":"error","message":"n2 is incorrectly defined","service":"calculate-service"}
{"level":"error","message":"n2 is incorrectly defined","service":"calculate-service"}
{"level":"info","message":"Parameters 10 and 10 received for addition","service":"calculate-service"}
{"level":"info","message":"Parameters 10 and 10 received for multiplication","service":"calculate-service"}
{"level":"info","message":"Parameters NaN10 received for division","service":"calculate-service"}
{"level":"info","message":"Parameters 10 and 10 received for subtraction","service":"calculate-service"}
{"level":"info","message":"Parameters 10 and 10 received for subtraction","service":"calculate-service"}
{"level":"info","message":"Parameters 10 and 10 received for subtraction","service":"calculate-service"}
{"level":"info","message":"Parameters 10 and 10 received for subtraction","service":"calculate-service"}
{"level":"info","message":"Parameters 10 and 10 received for subtraction","service":"calculate-service"}
{"level":"info","message":"Parameters 10 and 10 received for subtraction","service":"calculate-service"}
{"level":"info","message":"Parameters 10 and 10 received for addition","service":"calculate-service"}
{"level":"info","message":"Parameters NaN10 received for division","service":"calculate-service"}
{"level":"info","message":"Parameters 10 and 10 received for multiplication","service":"calculate-service"}
{"level":"info","message":"Parameters 10 and 10 received for multiplication","service":"calculate-service"}
{"level":"info","message":"Parameters 10 and 10 received for multiplication","service":"calculate-service"}
{"level":"info","message":"Parameters 10 and 10 received for multiplication","service":"calculate-service"}
{"level":"error","message":"n2 is incorrectly defined","service":"calculate-service"}
{"level":"error","message":"n1 is incorrectly defined","service":"calculate-service"}
